UNIQUE constraint failed: Users.id
UNIQUE constraint failed: Users.id
UNIQUE constraint failed: Users.id
UNIQUE constraint failed: Users.id
22:00
22:00
22
0
UNIQUE constraint failed: Users.id
UNIQUE constraint failed: Users.id
UNIQUE constraint failed: Users.id
20:00
20:00
20
0
UNIQUE constraint failed: Users.id
UNIQUE constraint failed: Users.id
[(1, 521804630, '2021-04-16', 'Все нормально сегодня'), (2, 521804630, '2021-04-18', 'Болит правый глаз. Верх глаза темный.')]
UNIQUE constraint failed: Users.id
[(1, 521804630, '2021-04-16', 'Все нормально сегодня'), (2, 521804630, '2021-04-18', 'Болит правый глаз. Верх глаза темный.')]
UNIQUE constraint failed: Users.id
[(1, 521804630, '2021-04-16', 'Все нормально сегодня'), (2, 521804630, '2021-04-18', 'Болит правый глаз. Верх глаза темный.'), (3, 521804630, '2021-04-18', 'Глаз прошел')]
UNIQUE constraint failed: Users.id
[(1, 521804630, '2021-04-16', 'Все нормально сегодня'), (2, 521804630, '2021-04-18', 'Болит правый глаз. Верх глаза темный.'), (3, 521804630, '2021-04-18', 'Глаз прошел')]
UNIQUE constraint failed: Users.id
[(1, 521804630, '2021-04-16', 'Все нормально сегодня'), (2, 521804630, '2021-04-18', 'Болит правый глаз. Верх глаза темный.'), (3, 521804630, '2021-04-18', 'Глаз прошел'), (4, 521804630, '2021-04-18', 'Пас')]
UNIQUE constraint failed: Users.id
[(1, 521804630, '2021-04-16', 'Все нормально сегодня'), (2, 521804630, '2021-04-18', 'Болит правый глаз. Верх глаза темный.'), (3, 521804630, '2021-04-18', 'Глаз прошел')]
UNIQUE constraint failed: Users.id
[(1, 521804630, '2021-04-16', 'Все нормально сегодня'), (2, 521804630, '2021-04-18', 'Болит правый глаз. Верх глаза темный.'), (3, 521804630, '2021-04-18', 'Глаз прошел')]
UNIQUE constraint failed: Users.id
[(1, 521804630, '2021-04-16', 'Все нормально сегодня'), (2, 521804630, '2021-04-18', 'Болит правый глаз. Верх глаза темный.'), (3, 521804630, '2021-04-18', 'Глаз прошел'), (5, 521804630, '2021-04-20', 'Сегодня все нормально')]
UNIQUE constraint failed: Users.id
[(1, 521804630, '2021-04-16', 'Все нормально сегодня'), (2, 521804630, '2021-04-18', 'Болит правый глаз. Верх глаза темный.'), (3, 521804630, '2021-04-18', 'Глаз прошел'), (5, 521804630, '2021-04-20', 'Сегодня все нормально')]
UNIQUE constraint failed: Users.id
[(1, 521804630, '2021-04-16', 'Все нормально сегодня'), (2, 521804630, '2021-04-18', 'Болит правый глаз. Верх глаза темный.'), (3, 521804630, '2021-04-18', 'Глаз прошел'), (5, 521804630, '2021-04-20', 'Сегодня все нормально'), (6, 521804630, '2021-04-21', 'Сегодня все нормально')]
UNIQUE constraint failed: Users.id
[(1, 521804630, '2021-04-16', 'Все нормально сегодня'), (2, 521804630, '2021-04-18', 'Болит правый глаз. Верх глаза темный.'), (3, 521804630, '2021-04-18', 'Глаз прошел'), (5, 521804630, '2021-04-20', 'Сегодня все нормально'), (6, 521804630, '2021-04-21', 'Сегодня все нормально')]
UNIQUE constraint failed: Users.id
[(1, 521804630, '2021-04-16', 'Все нормально сегодня'), (2, 521804630, '2021-04-18', 'Болит правый глаз. Верх глаза темный.'), (3, 521804630, '2021-04-18', 'Глаз прошел'), (5, 521804630, '2021-04-20', 'Сегодня все нормально'), (6, 521804630, '2021-04-21', 'Сегодня все нормально'), (7, 521804630, '2021-04-22', 'Сегодня все заебись')]
UNIQUE constraint failed: Users.id
[(1, 521804630, '2021-04-16', 'Все нормально сегодня'), (2, 521804630, '2021-04-18', 'Болит правый глаз. Верх глаза темный.'), (3, 521804630, '2021-04-18', 'Глаз прошел'), (5, 521804630, '2021-04-20', 'Сегодня все нормально'), (6, 521804630, '2021-04-21', 'Сегодня все нормально'), (7, 521804630, '2021-04-22', 'Сегодня все заебись')]
UNIQUE constraint failed: Users.id
[(1, 521804630, '2021-04-16', 'Все нормально сегодня'), (2, 521804630, '2021-04-18', 'Болит правый глаз. Верх глаза темный.'), (3, 521804630, '2021-04-18', 'Глаз прошел'), (5, 521804630, '2021-04-20', 'Сегодня все нормально'), (6, 521804630, '2021-04-21', 'Сегодня все нормально'), (7, 521804630, '2021-04-22', 'Сегодня все заебись'), (8, 521804630, '2021-04-23', 'Голова болела, но не сильно')]
UNIQUE constraint failed: Users.id
[(1, 521804630, '2021-04-16', 'Все нормально сегодня'), (2, 521804630, '2021-04-18', 'Болит правый глаз. Верх глаза темный.'), (3, 521804630, '2021-04-18', 'Глаз прошел'), (5, 521804630, '2021-04-20', 'Сегодня все нормально'), (6, 521804630, '2021-04-21', 'Сегодня все нормально'), (7, 521804630, '2021-04-22', 'Сегодня все заебись'), (8, 521804630, '2021-04-23', 'Голова болела, но не сильно')]
UNIQUE constraint failed: Users.id
[(1, 521804630, '2021-04-16', 'Все нормально сегодня'), (2, 521804630, '2021-04-18', 'Болит правый глаз. Верх глаза темный.'), (3, 521804630, '2021-04-18', 'Глаз прошел'), (5, 521804630, '2021-04-20', 'Сегодня все нормально'), (6, 521804630, '2021-04-21', 'Сегодня все нормально'), (7, 521804630, '2021-04-22', 'Сегодня все заебись'), (8, 521804630, '2021-04-23', 'Голова болела, но не сильно'), (9, 521804630, '2021-04-25', 'Сегодня все отлично')]
UNIQUE constraint failed: Users.id
[(1, 521804630, '2021-04-16', 'Все нормально сегодня'), (2, 521804630, '2021-04-18', 'Болит правый глаз. Верх глаза темный.'), (3, 521804630, '2021-04-18', 'Глаз прошел'), (5, 521804630, '2021-04-20', 'Сегодня все нормально'), (6, 521804630, '2021-04-21', 'Сегодня все нормально'), (7, 521804630, '2021-04-22', 'Сегодня все заебись'), (8, 521804630, '2021-04-23', 'Голова болела, но не сильно'), (9, 521804630, '2021-04-25', 'Сегодня все отлично')]
UNIQUE constraint failed: Users.id
[(1, 521804630, '2021-04-16', 'Все нормально сегодня'), (2, 521804630, '2021-04-18', 'Болит правый глаз. Верх глаза темный.'), (3, 521804630, '2021-04-18', 'Глаз прошел'), (5, 521804630, '2021-04-20', 'Сегодня все нормально'), (6, 521804630, '2021-04-21', 'Сегодня все нормально'), (7, 521804630, '2021-04-22', 'Сегодня все заебись'), (8, 521804630, '2021-04-23', 'Голова болела, но не сильно'), (9, 521804630, '2021-04-25', 'Сегодня все отлично'), (10, 521804630, '2021-04-25', 'Болела голова, но не сильно')]
UNIQUE constraint failed: Users.id
[(1, 521804630, '2021-04-16', 'Все нормально сегодня'), (2, 521804630, '2021-04-18', 'Болит правый глаз. Верх глаза темный.'), (3, 521804630, '2021-04-18', 'Глаз прошел'), (5, 521804630, '2021-04-20', 'Сегодня все нормально'), (6, 521804630, '2021-04-21', 'Сегодня все нормально'), (7, 521804630, '2021-04-22', 'Сегодня все заебись'), (8, 521804630, '2021-04-23', 'Голова болела, но не сильно'), (9, 521804630, '2021-04-25', 'Сегодня все отлично'), (10, 521804630, '2021-04-25', 'Болела голова, но не сильно')]